<?xml version="1.0" encoding="UTF-8"?>
<robot generator="Robot 7.2.2 (Python 3.10.16 on win32)" generated="2025-04-10T10:40:47.730837" rpa="false" schemaversion="5">
<suite id="s1" name="Prediction" source="c:\Users\Yin Yu\Documents\cv_automation\Robot\prediction.robot">
<test id="s1-t1" name="Test Image Classification Green" line="108">
<kw name="Set BlackWidow V4 Keyboard Chroma Green">
<kw name="Perform Chroma Test BlackWidow V4 Green" owner="BlackWidow">
<msg time="2025-04-10T10:40:51.820548" level="INFO">Chrome Executable: c:\Users\Yin Yu\Documents\cv_automation\Robot\chromedriver.exe
SYNAPSE ATTACHED: PASS</msg>
<msg time="2025-04-10T10:40:51.820548" level="FAIL">NoSuchElementException: Message: no such element: Unable to locate element: {"method":"css selector","selector":"#body-wrapper &gt; div &gt; div.widget-col.col-right.flex &gt; div &gt; div &gt; div:nth-child(2) &gt; div.modes-area.active &gt; div.flex.effects-area &gt; div &gt; div.dropdown-area.dropdown-color &gt; div.s3-dropdown"}
  (Session info: chrome=124.0.6367.243); For documentation on this error, please visit: https://www.selenium.dev/documentation/webdriver/troubleshooting/errors#no-such-element-exception
Stacktrace:
	GetHandleVerifier [0x00007FF792371522+60802]
	(No symbol) [0x00007FF7922EAC22]
	(No symbol) [0x00007FF7921A7CE4]
	(No symbol) [0x00007FF7921F6D4D]
	(No symbol) [0x00007FF7921F6E1C]
	(No symbol) [0x00007FF79223CE37]
	(No symbol) [0x00007FF79221ABBF]
	(No symbol) [0x00007FF79223A224]
	(No symbol) [0x00007FF79221A923]
	(No symbol) [0x00007FF7921E8FEC]
	(No symbol) [0x00007FF7921E9C21]
	GetHandleVerifier [0x00007FF7926741BD+3217949]
	GetHandleVerifier [0x00007FF7926B6157+3488183]
	GetHandleVerifier [0x00007FF7926AF0DF+3459391]
	GetHandleVerifier [0x00007FF79242B8E6+823622]
	(No symbol) [0x00007FF7922F5FBF]
	(No symbol) [0x00007FF7922F0EE4]
	(No symbol) [0x00007FF7922F1072]
	(No symbol) [0x00007FF7922E18C4]
	BaseThreadInitThunk [0x00007FFA5BEE259D+29]
	RtlUserThreadStart [0x00007FFA5C80AF38+40]
</msg>
<status status="FAIL" start="2025-04-10T10:40:50.165489" elapsed="1.657054">NoSuchElementException: Message: no such element: Unable to locate element: {"method":"css selector","selector":"#body-wrapper &gt; div &gt; div.widget-col.col-right.flex &gt; div &gt; div &gt; div:nth-child(2) &gt; div.modes-area.active &gt; div.flex.effects-area &gt; div &gt; div.dropdown-area.dropdown-color &gt; div.s3-dropdown"}
  (Session info: chrome=124.0.6367.243); For documentation on this error, please visit: https://www.selenium.dev/documentation/webdriver/troubleshooting/errors#no-such-element-exception
Stacktrace:
	GetHandleVerifier [0x00007FF792371522+60802]
	(No symbol) [0x00007FF7922EAC22]
	(No symbol) [0x00007FF7921A7CE4]
	(No symbol) [0x00007FF7921F6D4D]
	(No symbol) [0x00007FF7921F6E1C]
	(No symbol) [0x00007FF79223CE37]
	(No symbol) [0x00007FF79221ABBF]
	(No symbol) [0x00007FF79223A224]
	(No symbol) [0x00007FF79221A923]
	(No symbol) [0x00007FF7921E8FEC]
	(No symbol) [0x00007FF7921E9C21]
	GetHandleVerifier [0x00007FF7926741BD+3217949]
	GetHandleVerifier [0x00007FF7926B6157+3488183]
	GetHandleVerifier [0x00007FF7926AF0DF+3459391]
	GetHandleVerifier [0x00007FF79242B8E6+823622]
	(No symbol) [0x00007FF7922F5FBF]
	(No symbol) [0x00007FF7922F0EE4]
	(No symbol) [0x00007FF7922F1072]
	(No symbol) [0x00007FF7922E18C4]
	BaseThreadInitThunk [0x00007FFA5BEE259D+29]
	RtlUserThreadStart [0x00007FFA5C80AF38+40]
</status>
</kw>
<status status="FAIL" start="2025-04-10T10:40:50.164447" elapsed="1.658096">NoSuchElementException: Message: no such element: Unable to locate element: {"method":"css selector","selector":"#body-wrapper &gt; div &gt; div.widget-col.col-right.flex &gt; div &gt; div &gt; div:nth-child(2) &gt; div.modes-area.active &gt; div.flex.effects-area &gt; div &gt; div.dropdown-area.dropdown-color &gt; div.s3-dropdown"}
  (Session info: chrome=124.0.6367.243); For documentation on this error, please visit: https://www.selenium.dev/documentation/webdriver/troubleshooting/errors#no-such-element-exception
Stacktrace:
	GetHandleVerifier [0x00007FF792371522+60802]
	(No symbol) [0x00007FF7922EAC22]
	(No symbol) [0x00007FF7921A7CE4]
	(No symbol) [0x00007FF7921F6D4D]
	(No symbol) [0x00007FF7921F6E1C]
	(No symbol) [0x00007FF79223CE37]
	(No symbol) [0x00007FF79221ABBF]
	(No symbol) [0x00007FF79223A224]
	(No symbol) [0x00007FF79221A923]
	(No symbol) [0x00007FF7921E8FEC]
	(No symbol) [0x00007FF7921E9C21]
	GetHandleVerifier [0x00007FF7926741BD+3217949]
	GetHandleVerifier [0x00007FF7926B6157+3488183]
	GetHandleVerifier [0x00007FF7926AF0DF+3459391]
	GetHandleVerifier [0x00007FF79242B8E6+823622]
	(No symbol) [0x00007FF7922F5FBF]
	(No symbol) [0x00007FF7922F0EE4]
	(No symbol) [0x00007FF7922F1072]
	(No symbol) [0x00007FF7922E18C4]
	BaseThreadInitThunk [0x00007FFA5BEE259D+29]
	RtlUserThreadStart [0x00007FFA5C80AF38+40]
</status>
</kw>
<kw name="Check If Chroma Status Is Complete Green">
<status status="NOT RUN" start="2025-04-10T10:40:51.823540" elapsed="0.000000"/>
</kw>
<kw name="Take Pictures Using Webcam">
<status status="NOT RUN" start="2025-04-10T10:40:51.823540" elapsed="0.000000"/>
</kw>
<kw name="Predict From Directory Green">
<status status="NOT RUN" start="2025-04-10T10:40:51.824530" elapsed="0.000000"/>
</kw>
<doc>Check static green or flag faulty</doc>
<status status="FAIL" start="2025-04-10T10:40:50.163436" elapsed="1.661094">NoSuchElementException: Message: no such element: Unable to locate element: {"method":"css selector","selector":"#body-wrapper &gt; div &gt; div.widget-col.col-right.flex &gt; div &gt; div &gt; div:nth-child(2) &gt; div.modes-area.active &gt; div.flex.effects-area &gt; div &gt; div.dropdown-area.dropdown-color &gt; div.s3-dropdown"}
  (Session info: chrome=124.0.6367.243); For documentation on this error, please visit: https://www.selenium.dev/documentation/webdriver/troubleshooting/errors#no-such-element-exception
Stacktrace:
	GetHandleVerifier [0x00007FF792371522+60802]
	(No symbol) [0x00007FF7922EAC22]
	(No symbol) [0x00007FF7921A7CE4]
	(No symbol) [0x00007FF7921F6D4D]
	(No symbol) [0x00007FF7921F6E1C]
	(No symbol) [0x00007FF79223CE37]
	(No symbol) [0x00007FF79221ABBF]
	(No symbol) [0x00007FF79223A224]
	(No symbol) [0x00007FF79221A923]
	(No symbol) [0x00007FF7921E8FEC]
	(No symbol) [0x00007FF7921E9C21]
	GetHandleVerifier [0x00007FF7926741BD+3217949]
	GetHandleVerifier [0x00007FF7926B6157+3488183]
	GetHandleVerifier [0x00007FF7926AF0DF+3459391]
	GetHandleVerifier [0x00007FF79242B8E6+823622]
	(No symbol) [0x00007FF7922F5FBF]
	(No symbol) [0x00007FF7922F0EE4]
	(No symbol) [0x00007FF7922F1072]
	(No symbol) [0x00007FF7922E18C4]
	BaseThreadInitThunk [0x00007FFA5BEE259D+29]
	RtlUserThreadStart [0x00007FFA5C80AF38+40]
</status>
</test>
<status status="FAIL" start="2025-04-10T10:40:47.733841" elapsed="4.091706"/>
</suite>
<statistics>
<total>
<stat pass="0" fail="1" skip="0">All Tests</stat>
</total>
<tag>
</tag>
<suite>
<stat name="Prediction" id="s1" pass="0" fail="1" skip="0">Prediction</stat>
</suite>
</statistics>
<errors>
<msg time="2025-04-10T10:40:47.752843" level="ERROR">Error in file 'c:\Users\Yin Yu\Documents\cv_automation\Robot\prediction.robot' on line 2: Importing library 'SeleniumLibrary' failed: ModuleNotFoundError: No module named 'SeleniumLibrary'
Traceback (most recent call last):
  None
PYTHONPATH:
  c:\Users\Yin Yu\.vscode\extensions\robocorp.robotframework-lsp-1.13.0\src\robotframework_debug_adapter
  C:\Users\Yin Yu\Documents\cv_automation
  c:\Users\Yin Yu\.vscode\extensions\robocorp.robotframework-lsp-1.13.0\src
  c:\Users\Yin Yu\.vscode\extensions\robocorp.robotframework-lsp-1.13.0\src\robotframework_ls\vendored
  C:\Anaconda3\envs\tf\python310.zip
  C:\Anaconda3\envs\tf\DLLs
  C:\Anaconda3\envs\tf\lib
  C:\Anaconda3\envs\tf
  C:\Anaconda3\envs\tf\lib\site-packages
  C:\Anaconda3\envs\tf\lib\site-packages\win32
  C:\Anaconda3\envs\tf\lib\site-packages\win32\lib
  C:\Anaconda3\envs\tf\lib\site-packages\Pythonwin</msg>
</errors>
</robot>
